0 info it worked if it ends with ok
1 verbose cli [ '/usr/bin/nodejs',
1 verbose cli   '/usr/lib/node_modules/npm/bin/npm-cli.js',
1 verbose cli   'run-script',
1 verbose cli   'start' ]
2 info using npm@3.8.3
3 info using node@v5.10.0
4 verbose run-script [ 'prestart', 'start', 'poststart' ]
5 info lifecycle pom-api@0.0.1~prestart: pom-api@0.0.1
6 silly lifecycle pom-api@0.0.1~prestart: no script for prestart, continuing
7 info lifecycle pom-api@0.0.1~start: pom-api@0.0.1
8 verbose lifecycle pom-api@0.0.1~start: unsafe-perm in lifecycle true
9 verbose lifecycle pom-api@0.0.1~start: PATH: /usr/lib/node_modules/npm/bin/node-gyp-bin:/home/fpussacq/TDA/DEV/POM/server/node_modules/.bin:/usr/bin:/usr/local/sbin:/usr/local/bin:/usr/sbin:/usr/bin:/sbin:/bin:/usr/games:/usr/local/games:/home/fpussacq/Logiciels/android-studio/bin;/root/eclipse/java-mars/eclipse/
10 verbose lifecycle pom-api@0.0.1~start: CWD: /home/fpussacq/TDA/DEV/POM/server
11 silly lifecycle pom-api@0.0.1~start: Args: [ '-c', 'node ./bin/www' ]
12 silly lifecycle pom-api@0.0.1~start: Returned: code: 1  signal: null
13 info lifecycle pom-api@0.0.1~start: Failed to exec start script
14 verbose stack Error: pom-api@0.0.1 start: `node ./bin/www`
14 verbose stack Exit status 1
14 verbose stack     at EventEmitter.<anonymous> (/usr/lib/node_modules/npm/lib/utils/lifecycle.js:239:16)
14 verbose stack     at emitTwo (events.js:100:13)
14 verbose stack     at EventEmitter.emit (events.js:185:7)
14 verbose stack     at ChildProcess.<anonymous> (/usr/lib/node_modules/npm/lib/utils/spawn.js:24:14)
14 verbose stack     at emitTwo (events.js:100:13)
14 verbose stack     at ChildProcess.emit (events.js:185:7)
14 verbose stack     at maybeClose (internal/child_process.js:850:16)
14 verbose stack     at Process.ChildProcess._handle.onexit (internal/child_process.js:215:5)
15 verbose pkgid pom-api@0.0.1
16 verbose cwd /home/fpussacq/TDA/DEV/POM/server
17 error Linux 4.2.0-34-generic
18 error argv "/usr/bin/nodejs" "/usr/lib/node_modules/npm/bin/npm-cli.js" "run-script" "start"
19 error node v5.10.0
20 error npm  v3.8.3
21 error code ELIFECYCLE
22 error pom-api@0.0.1 start: `node ./bin/www`
22 error Exit status 1
23 error Failed at the pom-api@0.0.1 start script 'node ./bin/www'.
23 error Make sure you have the latest version of node.js and npm installed.
23 error If you do, this is most likely a problem with the pom-api package,
23 error not with npm itself.
23 error Tell the author that this fails on your system:
23 error     node ./bin/www
23 error You can get information on how to open an issue for this project with:
23 error     npm bugs pom-api
23 error Or if that isn't available, you can get their info via:
23 error     npm owner ls pom-api
23 error There is likely additional logging output above.
24 verbose exit [ 1, true ]
